Started at Thu Mar 03 11:53:14 IST 2022
Processing docker
Offering docker to Project Build Discarder
Processing docker-agent-test
Offering docker-agent-test to Project Build Discarder
Processing jnlp-pipeline
Offering jnlp-pipeline to Project Build Discarder
Processing maven
Offering maven to Project Build Discarder
Processing test-pipeline
Offering test-pipeline to Project Build Discarder
Processing maven/demo:maven-demo
Offering maven/demo:maven-demo to Project Build Discarder
Finished at Thu Mar 03 11:53:14 IST 2022. 1ms
Started at Thu Mar 03 12:53:14 IST 2022
Processing docker
Offering docker to Project Build Discarder
Processing docker-agent-test
Offering docker-agent-test to Project Build Discarder
Processing jnlp-pipeline
Offering jnlp-pipeline to Project Build Discarder
Processing maven
Offering maven to Project Build Discarder
Processing test-pipeline
Offering test-pipeline to Project Build Discarder
Processing maven/demo:maven-demo
Offering maven/demo:maven-demo to Project Build Discarder
Finished at Thu Mar 03 12:53:14 IST 2022. 3ms
Started at Thu Mar 03 13:53:14 IST 2022
Processing docker
Offering docker to Project Build Discarder
Processing docker-agent-test
Offering docker-agent-test to Project Build Discarder
Processing jnlp-pipeline
Offering jnlp-pipeline to Project Build Discarder
Processing maven
Offering maven to Project Build Discarder
Processing test-pipeline
Offering test-pipeline to Project Build Discarder
Processing maven/demo:maven-demo
Offering maven/demo:maven-demo to Project Build Discarder
Finished at Thu Mar 03 13:53:14 IST 2022. 2ms
Started at Thu Mar 03 14:53:14 IST 2022
Processing docker
Offering docker to Project Build Discarder
Processing docker-agent-test
Offering docker-agent-test to Project Build Discarder
Processing jnlp-pipeline
Offering jnlp-pipeline to Project Build Discarder
Processing maven
Offering maven to Project Build Discarder
Processing test-pipeline
Offering test-pipeline to Project Build Discarder
Processing maven/demo:maven-demo
Offering maven/demo:maven-demo to Project Build Discarder
Finished at Thu Mar 03 14:53:14 IST 2022. 5ms
Started at Thu Mar 03 15:53:14 IST 2022
Processing docker
Offering docker to Project Build Discarder
Processing docker-agent-test
Offering docker-agent-test to Project Build Discarder
Processing jnlp-pipeline
Offering jnlp-pipeline to Project Build Discarder
Processing maven
Offering maven to Project Build Discarder
Processing test-pipeline
Offering test-pipeline to Project Build Discarder
Processing maven/demo:maven-demo
Offering maven/demo:maven-demo to Project Build Discarder
Finished at Thu Mar 03 15:53:14 IST 2022. 2ms
Started at Thu Mar 03 16:53:14 IST 2022
Processing docker
Offering docker to Project Build Discarder
Processing docker-agent-test
Offering docker-agent-test to Project Build Discarder
Processing jnlp-pipeline
Offering jnlp-pipeline to Project Build Discarder
Processing maven
Offering maven to Project Build Discarder
Processing test-pipeline
Offering test-pipeline to Project Build Discarder
Processing maven/demo:maven-demo
Offering maven/demo:maven-demo to Project Build Discarder
Finished at Thu Mar 03 16:53:14 IST 2022. 1ms
Started at Thu Mar 03 17:53:14 IST 2022
Processing docker
Offering docker to Project Build Discarder
Processing docker-agent-test
Offering docker-agent-test to Project Build Discarder
Processing jnlp-pipeline
Offering jnlp-pipeline to Project Build Discarder
Processing maven
Offering maven to Project Build Discarder
Processing test-pipeline
Offering test-pipeline to Project Build Discarder
Processing maven/demo:maven-demo
Offering maven/demo:maven-demo to Project Build Discarder
Finished at Thu Mar 03 17:53:14 IST 2022. 1ms
Started at Thu Mar 03 18:53:14 IST 2022
Processing docker
Offering docker to Project Build Discarder
Processing docker-agent-test
Offering docker-agent-test to Project Build Discarder
Processing jnlp-pipeline
Offering jnlp-pipeline to Project Build Discarder
Processing maven
Offering maven to Project Build Discarder
Processing test-pipeline
Offering test-pipeline to Project Build Discarder
Processing maven/demo:maven-demo
Offering maven/demo:maven-demo to Project Build Discarder
Finished at Thu Mar 03 18:53:14 IST 2022. 1ms
Started at Thu Mar 03 19:53:14 IST 2022
Processing docker
Offering docker to Project Build Discarder
Processing docker-agent-test
Offering docker-agent-test to Project Build Discarder
Processing jnlp-pipeline
Offering jnlp-pipeline to Project Build Discarder
Processing maven
Offering maven to Project Build Discarder
Processing test-pipeline
Offering test-pipeline to Project Build Discarder
Processing maven/demo:maven-demo
Offering maven/demo:maven-demo to Project Build Discarder
Finished at Thu Mar 03 19:53:14 IST 2022. 1ms
Started at Thu Mar 03 20:53:14 IST 2022
Processing docker
Offering docker to Project Build Discarder
Processing docker-agent-test
Offering docker-agent-test to Project Build Discarder
Processing jenkins_git_backup
Offering jenkins_git_backup to Project Build Discarder
Processing jnlp-pipeline
Offering jnlp-pipeline to Project Build Discarder
Processing maven
Offering maven to Project Build Discarder
Processing test-pipeline
Offering test-pipeline to Project Build Discarder
Processing maven/demo:maven-demo
Offering maven/demo:maven-demo to Project Build Discarder
Finished at Thu Mar 03 20:53:14 IST 2022. 2ms
Started at Thu Mar 03 21:53:14 IST 2022
Processing docker
Offering docker to Project Build Discarder
Processing docker-agent-test
Offering docker-agent-test to Project Build Discarder
Processing jenkins_git_backup
Offering jenkins_git_backup to Project Build Discarder
Processing jnlp-pipeline
Offering jnlp-pipeline to Project Build Discarder
Processing maven
Offering maven to Project Build Discarder
Processing test-pipeline
Offering test-pipeline to Project Build Discarder
Processing maven/demo:maven-demo
Offering maven/demo:maven-demo to Project Build Discarder
Finished at Thu Mar 03 21:53:14 IST 2022. 6ms
